2014-04-25 10:32:50,876 INFO zen.maintenance: Performing periodic maintenance
2014-04-25 10:32:50,910 INFO zen.workers: Started worker <Process(Event worker 1, started daemon)>: pid=2887
2014-04-25 10:32:50,927 INFO zen.workers: Started worker <Process(Event worker 2, started daemon)>: pid=2888
2014-04-25 10:32:58,305 INFO zen.eventd: Connecting to RabbitMQ...
2014-04-25 10:32:58,305 INFO zen.eventd: Connecting to RabbitMQ...
2014-04-25 10:32:58,567 INFO zen.eventd: Connecting to RabbitMQ...
2014-04-25 10:32:58,567 INFO zen.eventd: Connecting to RabbitMQ...
2014-04-25 10:32:59,607 INFO zen.zenutils.functioncache: initializing FunctionCache
2014-04-25 10:32:59,607 INFO zen.zenutils.functioncache: initializing FunctionCache
2014-04-25 10:32:59,652 INFO zen.zenutils.functioncache: initializing FunctionCache
2014-04-25 10:32:59,652 INFO zen.zenutils.functioncache: initializing FunctionCache
2014-04-25 10:33:00,914 INFO zen.zenutils.functioncache: initializing FunctionCache
2014-04-25 10:33:00,914 INFO zen.zenutils.functioncache: initializing FunctionCache
2014-04-25 10:33:12,486 INFO zen.zenutils.functioncache: initializing FunctionCache
2014-04-25 10:33:12,486 INFO zen.zenutils.functioncache: initializing FunctionCache
2014-04-25 10:33:50,903 INFO zen.maintenance: Performing periodic maintenance
2014-04-25 10:34:50,907 INFO zen.maintenance: Performing periodic maintenance
2014-04-25 10:35:50,911 INFO zen.maintenance: Performing periodic maintenance
2014-04-25 10:36:50,914 INFO zen.maintenance: Performing periodic maintenance
2014-04-25 10:36:57,233 INFO zen.eventd: Shutting down...
2014-04-25 10:36:57,234 INFO zen.workers: Stopping worker <Process(Event worker 1, started daemon)>...
2014-04-25 10:36:57,235 INFO zen.workers: Stopping worker <Process(Event worker 2, started daemon)>...
2014-04-25 10:36:57,697 INFO zen.ZenEventD: Deleting PID file /usr/local/zenoss/var/zeneventd-localhost.pid ...
2014-04-25 10:36:57,697 INFO zen.ZenEventD: Daemon ZenEventD shutting down
2014-04-25 10:38:35,596 INFO zen.maintenance: Performing periodic maintenance
2014-04-25 10:38:35,650 INFO zen.workers: Started worker <Process(Event worker 1, started daemon)>: pid=10509
2014-04-25 10:38:35,654 INFO zen.workers: Started worker <Process(Event worker 2, started daemon)>: pid=10510
2014-04-25 10:38:43,443 INFO zen.eventd: Connecting to RabbitMQ...
2014-04-25 10:38:43,443 INFO zen.eventd: Connecting to RabbitMQ...
2014-04-25 10:38:43,461 INFO zen.zenutils.functioncache: initializing FunctionCache
2014-04-25 10:38:43,461 INFO zen.zenutils.functioncache: initializing FunctionCache
2014-04-25 10:38:43,484 INFO zen.zenutils.functioncache: initializing FunctionCache
2014-04-25 10:38:43,484 INFO zen.zenutils.functioncache: initializing FunctionCache
2014-04-25 10:38:43,621 INFO zen.eventd: Connecting to RabbitMQ...
2014-04-25 10:38:43,621 INFO zen.eventd: Connecting to RabbitMQ...
2014-04-25 10:38:45,590 INFO zen.zenutils.functioncache: initializing FunctionCache
2014-04-25 10:38:45,590 INFO zen.zenutils.functioncache: initializing FunctionCache
2014-04-25 10:38:57,190 INFO zen.zenutils.functioncache: initializing FunctionCache
2014-04-25 10:38:57,190 INFO zen.zenutils.functioncache: initializing FunctionCache
2014-04-25 10:39:35,607 INFO zen.maintenance: Performing periodic maintenance
2014-04-25 10:40:11,961 INFO zen.eventd: Shutting down...
2014-04-25 10:40:11,961 INFO zen.workers: Stopping worker <Process(Event worker 1, started daemon)>...
2014-04-25 10:40:11,961 INFO zen.workers: Stopping worker <Process(Event worker 2, started daemon)>...
2014-04-25 10:40:12,387 INFO zen.ZenEventD: Deleting PID file /usr/local/zenoss/var/zeneventd-localhost.pid ...
2014-04-25 10:40:12,387 INFO zen.ZenEventD: Daemon ZenEventD shutting down
